<?xml version="1.0" encoding="UTF-8"?>
<testsuite name="org.visualmusic.entity.color.MultiColorTest" tests="3" skipped="0" failures="0" errors="0" timestamp="2020-07-11T10:50:52" hostname="DEESTHORTEREDPC" time="0.026">
  <properties/>
  <testcase name="testRGB_CMY" classname="org.visualmusic.entity.color.MultiColorTest" time="0.008"/>
  <testcase name="testRGB_CMYK" classname="org.visualmusic.entity.color.MultiColorTest" time="0.004"/>
  <testcase name="testRGB_HSV" classname="org.visualmusic.entity.color.MultiColorTest" time="0.01"/>
  <system-out><![CDATA[]]></system-out>
  <system-err><![CDATA[]]></system-err>
</testsuite>
